<?xml version="1.0" encoding="UTF-8"?>
<!-- Generated by org.testng.reporters.JUnitReportReporter -->
<testsuite hostname="LAPTOP-GJVIFGE1" failures="0" tests="1" name="test.Test2class" time="55.708" errors="0" timestamp="2024-11-20T12:24:24 IST" skipped="0">
  <testcase classname="test.Test2class" name="test1" time="55.708"/>
  <system-out/>
</testsuite> <!-- test.Test2class -->
